(:main
  (:main
  0 2
	rdi <- 43
	mem rsp 8 <- rdi
	rsi <- 55
	rdx <- 32
	rcx <- 74
	r8 <- 67
	r9 <- 83
	r11 <- 39
	r10 <- 45
	rdi <- 22
	mem rsp 0 <- rdi
	rax <- 41
	rdi <- mem rsp 8
	rdi <- rdi
	rsi <- rsi
	rdx <- rdx
	rcx <- rcx
	r8 <- r8
	r9 <- r9
	mem rsp -40 <- r11
	mem rsp -32 <- r10
	r10 <- mem rsp 0
	mem rsp -24 <- r10
	mem rsp -16 <- rax
	mem rsp -8 <- :call_label0
	call :max 10
	:call_label0
	rdi <- rax
	rdi <- rdi
	rdi <<= 1
	rdi <- rdi
	rdi += 1
	rdi <- rdi
	call print 1
	return
  )
  (:max
  10 0
	rdi <- rdi
	mem rsp 80 <- rdi
	rdi <- rsi
	mem rsp 88 <- rdi
	rdi <- rdx
	mem rsp 96 <- rdi
	rdi <- rcx
	mem rsp 104 <- rdi
	rdi <- r8
	mem rsp 112 <- rdi
	rdi <- r9
	mem rsp 120 <- rdi
	rdi <- mem rsp 0
	mem rsp 128 <- rdi
	rdi <- mem rsp 8
	mem rsp 136 <- rdi
	rdi <- mem rsp 16
	mem rsp 144 <- rdi
	rdi <- mem rsp 24
	mem rsp 152 <- rdi
	rdi <- mem rsp 80
	rdi <- rdi
	mem rsp 0 <- rdi
	rsi <- mem rsp 0
	rdi <- mem rsp 88
	rdi <- rdi <= rsi
	mem rsp 8 <- rdi
	rdi <- mem rsp 8
	cjump rdi = 1 :call_label_ciao_1
	rdi <- mem rsp 88
	rdi <- rdi
	mem rsp 0 <- rdi
	:call_label_ciao_1
	rsi <- mem rsp 0
	rdi <- mem rsp 96
	rdi <- rdi <= rsi
	mem rsp 16 <- rdi
	rdi <- mem rsp 16
	cjump rdi = 1 :call_label_ciao_2
	rdi <- mem rsp 96
	rdi <- rdi
	mem rsp 0 <- rdi
	:call_label_ciao_2
	rsi <- mem rsp 0
	rdi <- mem rsp 104
	rdi <- rdi <= rsi
	mem rsp 24 <- rdi
	rdi <- mem rsp 24
	cjump rdi = 1 :call_label_ciao_3
	rdi <- mem rsp 120
	rdi <- rdi
	mem rsp 0 <- rdi
	:call_label_ciao_3
	rsi <- mem rsp 0
	rdi <- mem rsp 112
	rdi <- rdi <= rsi
	mem rsp 32 <- rdi
	rdi <- mem rsp 32
	cjump rdi = 1 :call_label_ciao_4
	rdi <- mem rsp 120
	rdi <- rdi
	mem rsp 0 <- rdi
	:call_label_ciao_4
	rsi <- mem rsp 0
	rdi <- mem rsp 120
	rdi <- rdi <= rsi
	mem rsp 40 <- rdi
	rdi <- mem rsp 40
	cjump rdi = 1 :call_label_ciao_5
	rdi <- mem rsp 120
	rdi <- rdi
	mem rsp 0 <- rdi
	:call_label_ciao_5
	rsi <- mem rsp 0
	rdi <- mem rsp 128
	rdi <- rdi <= rsi
	mem rsp 48 <- rdi
	rdi <- mem rsp 48
	cjump rdi = 1 :call_label_ciao_6
	rdi <- mem rsp 128
	rdi <- rdi
	mem rsp 0 <- rdi
	:call_label_ciao_6
	rdi <- mem rsp 0
	rsi <- mem rsp 136
	rdi <- rsi <= rdi
	mem rsp 56 <- rdi
	rdi <- mem rsp 56
	cjump rdi = 1 :call_label_ciao_7
	rdi <- mem rsp 136
	rdi <- rdi
	mem rsp 0 <- rdi
	:call_label_ciao_7
	rdi <- mem rsp 0
	rsi <- mem rsp 144
	rdi <- rsi <= rdi
	mem rsp 64 <- rdi
	rdi <- mem rsp 64
	cjump rdi = 1 :call_label_ciao_8
	rdi <- mem rsp 144
	rdi <- rdi
	mem rsp 0 <- rdi
	:call_label_ciao_8
	rsi <- mem rsp 0
	rdi <- mem rsp 152
	rdi <- rdi <= rsi
	mem rsp 72 <- rdi
	rdi <- mem rsp 72
	cjump rdi = 1 :call_label_ciao_9
	rdi <- mem rsp 152
	rdi <- rdi
	mem rsp 0 <- rdi
	:call_label_ciao_9
	rdi <- mem rsp 0
	rax <- rdi
	return
  )
)
